<?xml version="1.0" encoding="UTF-8"?>
<testng-results skipped="0" failed="0" ignored="29" total="30" passed="1">
  <reporter-output>
  </reporter-output>
  <suite name="Default suite" duration-ms="5228" started-at="2021-10-22T13:24:19 CEST" finished-at="2021-10-22T13:24:24 CEST">
    <groups>
    </groups>
    <test name="Default test" duration-ms="5228" started-at="2021-10-22T13:24:19 CEST" finished-at="2021-10-22T13:24:24 CEST">
      <class name="test.TestZavrsni">
        <test-method status="PASS" signature="setup()[pri:0, instance:test.TestZavrsni@7a187f14]" name="setup" is-config="true" duration-ms="2610" started-at="2021-10-22T13:24:19 CEST" finished-at="2021-10-22T13:24:22 CEST">
          <reporter-output>
          </reporter-output>
        </test-method> <!-- setup -->
        <test-method status="PASS" signature="pageSetup()[pri:0, instance:test.TestZavrsni@7a187f14]" name="pageSetup" is-config="true" duration-ms="2111" started-at="2021-10-22T13:24:22 CEST" finished-at="2021-10-22T13:24:24 CEST">
          <reporter-output>
          </reporter-output>
        </test-method> <!-- pageSetup -->
        <test-method status="PASS" signature="SignUpWithoutEntry()[pri:0, instance:test.TestZavrsni@7a187f14]" name="SignUpWithoutEntry" duration-ms="359" started-at="2021-10-22T13:24:24 CEST" finished-at="2021-10-22T13:24:24 CEST">
          <reporter-output>
          </reporter-output>
        </test-method> <!-- SignUpWithoutEntry -->
        <test-method status="PASS" signature="tearDown()[pri:0, instance:test.TestZavrsni@7a187f14]" name="tearDown" is-config="true" duration-ms="109" started-at="2021-10-22T13:24:24 CEST" finished-at="2021-10-22T13:24:24 CEST">
          <reporter-output>
          </reporter-output>
        </test-method> <!-- tearDown -->
      </class> <!-- test.TestZavrsni -->
    </test> <!-- Default test -->
  </suite> <!-- Default suite -->
</testng-results>
