<?xml version="1.0" encoding="UTF-8"?>
<!-- Generated by org.testng.reporters.JUnitXMLReporter -->
<testsuite hostname="mladensImac" ignored="29" name="Default test" tests="1" failures="0" timestamp="2021-10-22T13:24:24 CEST" time="5.228" errors="0">
  <testcase name="SignUpWithoutEntry" time="0.359" classname="test.TestZavrsni"/>
  <testcase name="signUpWithSpecialCharInDotCom" time="0.0" classname="test.TestZavrsni">
    <ignored/>
  </testcase> <!-- signUpWithSpecialCharInDotCom -->
  <testcase name="signUpWithSpaceInDomainName" time="0.0" classname="test.TestZavrsni">
    <ignored/>
  </testcase> <!-- signUpWithSpaceInDomainName -->
  <testcase name="signUpWithSpecialCharInDomainName" time="0.0" classname="test.TestZavrsni">
    <ignored/>
  </testcase> <!-- signUpWithSpecialCharInDomainName -->
  <testcase name="signUpWithSpaceAfterFirstName" time="0.0" classname="test.TestZavrsni">
    <ignored/>
  </testcase> <!-- signUpWithSpaceAfterFirstName -->
  <testcase name="signUpWithEmailWithNumInDomainName" time="0.0" classname="test.TestZavrsni">
    <ignored/>
  </testcase> <!-- signUpWithEmailWithNumInDomainName -->
  <testcase name="signUpWithEmailWithSpecialCharInLocal" time="0.0" classname="test.TestZavrsni">
    <ignored/>
  </testcase> <!-- signUpWithEmailWithSpecialCharInLocal -->
  <testcase name="signUpWithEmailWithCapitalLetterinLocal" time="0.0" classname="test.TestZavrsni">
    <ignored/>
  </testcase> <!-- signUpWithEmailWithCapitalLetterinLocal -->
  <testcase name="signUpWithSpaceInDotCom" time="0.0" classname="test.TestZavrsni">
    <ignored/>
  </testcase> <!-- signUpWithSpaceInDotCom -->
  <testcase name="signUpWithLowercaseFirstName" time="0.0" classname="test.TestZavrsni">
    <ignored/>
  </testcase> <!-- signUpWithLowercaseFirstName -->
  <testcase name="signUpWithSpaceAfterLastName" time="0.0" classname="test.TestZavrsni">
    <ignored/>
  </testcase> <!-- signUpWithSpaceAfterLastName -->
  <testcase name="signUpWithLastNameWithNumber" time="0.0" classname="test.TestZavrsni">
    <ignored/>
  </testcase> <!-- signUpWithLastNameWithNumber -->
  <testcase name="signUpWithLastNameWithDiacritic" time="0.0" classname="test.TestZavrsni">
    <ignored/>
  </testcase> <!-- signUpWithLastNameWithDiacritic -->
  <testcase name="signUpWithFemaleGender" time="0.0" classname="test.TestZavrsni">
    <ignored/>
  </testcase> <!-- signUpWithFemaleGender -->
  <testcase name="signUpWithEmailWithoutDotCom" time="0.0" classname="test.TestZavrsni">
    <ignored/>
  </testcase> <!-- signUpWithEmailWithoutDotCom -->
  <testcase name="signUpWithTwoFirstNames" time="0.0" classname="test.TestZavrsni">
    <ignored/>
  </testcase> <!-- signUpWithTwoFirstNames -->
  <testcase name="happyPathRequiredFieldsOnly" time="0.0" classname="test.TestZavrsni">
    <ignored/>
  </testcase> <!-- happyPathRequiredFieldsOnly -->
  <testcase name="signUpWithFirstNameWithSpecial" time="0.0" classname="test.TestZavrsni">
    <ignored/>
  </testcase> <!-- signUpWithFirstNameWithSpecial -->
  <testcase name="happyPathAllFields" time="0.0" classname="test.TestZavrsni">
    <ignored/>
  </testcase> <!-- happyPathAllFields -->
  <testcase name="signUpWithTwoLastNames" time="0.0" classname="test.TestZavrsni">
    <ignored/>
  </testcase> <!-- signUpWithTwoLastNames -->
  <testcase name="signUpWithEmailWithoutMonkey" time="0.0" classname="test.TestZavrsni">
    <ignored/>
  </testcase> <!-- signUpWithEmailWithoutMonkey -->
  <testcase name="signUpWithOtherGender" time="0.0" classname="test.TestZavrsni">
    <ignored/>
  </testcase> <!-- signUpWithOtherGender -->
  <testcase name="signUpWithLowercaseLastName" time="0.0" classname="test.TestZavrsni">
    <ignored/>
  </testcase> <!-- signUpWithLowercaseLastName -->
  <testcase name="signUpWithEmailWithNumInDotCom" time="0.0" classname="test.TestZavrsni">
    <ignored/>
  </testcase> <!-- signUpWithEmailWithNumInDotCom -->
  <testcase name="signUpWithFirstNameWithNumber" time="0.0" classname="test.TestZavrsni">
    <ignored/>
  </testcase> <!-- signUpWithFirstNameWithNumber -->
  <testcase name="signUpWithFirstNameWithDiacritic" time="0.0" classname="test.TestZavrsni">
    <ignored/>
  </testcase> <!-- signUpWithFirstNameWithDiacritic -->
  <testcase name="signUpWithLastNameWithSpecial" time="0.0" classname="test.TestZavrsni">
    <ignored/>
  </testcase> <!-- signUpWithLastNameWithSpecial -->
  <testcase name="signUpWithEmailendingWithSpace" time="0.0" classname="test.TestZavrsni">
    <ignored/>
  </testcase> <!-- signUpWithEmailendingWithSpace -->
  <testcase name="signUpWithEmailWIthSpaceInLocal" time="0.0" classname="test.TestZavrsni">
    <ignored/>
  </testcase> <!-- signUpWithEmailWIthSpaceInLocal -->
  <testcase name="signUpWithEmailWithNumberInLocal" time="0.0" classname="test.TestZavrsni">
    <ignored/>
  </testcase> <!-- signUpWithEmailWithNumberInLocal -->
</testsuite> <!-- Default test -->
