<?xml version="1.0" encoding="UTF-8"?>
<!-- Generated by org.testng.reporters.JUnitXMLReporter -->
<testsuite ignored="27" hostname="bragoto" failures="0" tests="3" name="Default test" time="9.106" errors="0" timestamp="2021-10-28T14:56:55 CEST">
  <testcase classname="test.TestZavrsni" name="SignUpWithoutEntry" time="0.12"/>
  <testcase classname="test.TestZavrsni" name="happyPathAllFields" time="2.606"/>
  <testcase classname="test.TestZavrsni" name="happyPathRequiredFieldsOnly" time="0.891"/>
  <testcase classname="test.TestZavrsni" name="signUpWithSpecialCharInDotCom" time="0.0">
    <ignored/>
  </testcase> <!-- signUpWithSpecialCharInDotCom -->
  <testcase classname="test.TestZavrsni" name="signUpWithSpaceInDomainName" time="0.0">
    <ignored/>
  </testcase> <!-- signUpWithSpaceInDomainName -->
  <testcase classname="test.TestZavrsni" name="signUpWithSpecialCharInDomainName" time="0.0">
    <ignored/>
  </testcase> <!-- signUpWithSpecialCharInDomainName -->
  <testcase classname="test.TestZavrsni" name="signUpWithSpaceAfterFirstName" time="0.0">
    <ignored/>
  </testcase> <!-- signUpWithSpaceAfterFirstName -->
  <testcase classname="test.TestZavrsni" name="signUpWithEmailWithNumInDomainName" time="0.0">
    <ignored/>
  </testcase> <!-- signUpWithEmailWithNumInDomainName -->
  <testcase classname="test.TestZavrsni" name="signUpWithEmailWithSpecialCharInLocal" time="0.0">
    <ignored/>
  </testcase> <!-- signUpWithEmailWithSpecialCharInLocal -->
  <testcase classname="test.TestZavrsni" name="signUpWithEmailWithCapitalLetterinLocal" time="0.0">
    <ignored/>
  </testcase> <!-- signUpWithEmailWithCapitalLetterinLocal -->
  <testcase classname="test.TestZavrsni" name="signUpWithSpaceInDotCom" time="0.0">
    <ignored/>
  </testcase> <!-- signUpWithSpaceInDotCom -->
  <testcase classname="test.TestZavrsni" name="signUpWithLowercaseFirstName" time="0.0">
    <ignored/>
  </testcase> <!-- signUpWithLowercaseFirstName -->
  <testcase classname="test.TestZavrsni" name="signUpWithSpaceAfterLastName" time="0.0">
    <ignored/>
  </testcase> <!-- signUpWithSpaceAfterLastName -->
  <testcase classname="test.TestZavrsni" name="signUpWithLastNameWithNumber" time="0.0">
    <ignored/>
  </testcase> <!-- signUpWithLastNameWithNumber -->
  <testcase classname="test.TestZavrsni" name="signUpWithLastNameWithDiacritic" time="0.0">
    <ignored/>
  </testcase> <!-- signUpWithLastNameWithDiacritic -->
  <testcase classname="test.TestZavrsni" name="signUpWithFemaleGender" time="0.0">
    <ignored/>
  </testcase> <!-- signUpWithFemaleGender -->
  <testcase classname="test.TestZavrsni" name="signUpWithEmailWithoutDotCom" time="0.0">
    <ignored/>
  </testcase> <!-- signUpWithEmailWithoutDotCom -->
  <testcase classname="test.TestZavrsni" name="signUpWithTwoFirstNames" time="0.0">
    <ignored/>
  </testcase> <!-- signUpWithTwoFirstNames -->
  <testcase classname="test.TestZavrsni" name="signUpWithEmailEndingWithSpace" time="0.0">
    <ignored/>
  </testcase> <!-- signUpWithEmailEndingWithSpace -->
  <testcase classname="test.TestZavrsni" name="signUpWithFirstNameWithSpecial" time="0.0">
    <ignored/>
  </testcase> <!-- signUpWithFirstNameWithSpecial -->
  <testcase classname="test.TestZavrsni" name="signUpWithTwoLastNames" time="0.0">
    <ignored/>
  </testcase> <!-- signUpWithTwoLastNames -->
  <testcase classname="test.TestZavrsni" name="signUpWithEmailWithoutMonkey" time="0.0">
    <ignored/>
  </testcase> <!-- signUpWithEmailWithoutMonkey -->
  <testcase classname="test.TestZavrsni" name="signUpWithOtherGender" time="0.0">
    <ignored/>
  </testcase> <!-- signUpWithOtherGender -->
  <testcase classname="test.TestZavrsni" name="signUpWithLowercaseLastName" time="0.0">
    <ignored/>
  </testcase> <!-- signUpWithLowercaseLastName -->
  <testcase classname="test.TestZavrsni" name="signUpWithEmailWithNumInDotCom" time="0.0">
    <ignored/>
  </testcase> <!-- signUpWithEmailWithNumInDotCom -->
  <testcase classname="test.TestZavrsni" name="signUpWithFirstNameWithNumber" time="0.0">
    <ignored/>
  </testcase> <!-- signUpWithFirstNameWithNumber -->
  <testcase classname="test.TestZavrsni" name="signUpWithFirstNameWithDiacritic" time="0.0">
    <ignored/>
  </testcase> <!-- signUpWithFirstNameWithDiacritic -->
  <testcase classname="test.TestZavrsni" name="signUpWithLastNameWithSpecial" time="0.0">
    <ignored/>
  </testcase> <!-- signUpWithLastNameWithSpecial -->
  <testcase classname="test.TestZavrsni" name="signUpWithEmailWIthSpaceInLocal" time="0.0">
    <ignored/>
  </testcase> <!-- signUpWithEmailWIthSpaceInLocal -->
  <testcase classname="test.TestZavrsni" name="signUpWithEmailWithNumberInLocal" time="0.0">
    <ignored/>
  </testcase> <!-- signUpWithEmailWithNumberInLocal -->
</testsuite> <!-- Default test -->
